# JRE version: OpenJDK Runtime Environment (11.0.11+9) (build 11.0.11+9-b60-7590822)
# Java VM: OpenJDK 64-Bit Server VM (11.0.11+9-b60-7590822, mixed mode, tiered, compressed oops, g1 gc, windows-amd64)
Heap:
 garbage-first heap   total 421888K, used 176262K [0x0000000080000000, 0x0000000100000000)
  region size 1024K, 30 young (30720K), 20 survivors (20480K)
 Metaspace       used 125058K, capacity 128253K, committed 128460K, reserved 1161216K
  class space    used 15412K, capacity 16587K, committed 16588K, reserved 1048576K
GC Heap History (20 events):
Event: 37.237 GC heap before
{Heap before GC invocations=48 (full 0):
 garbage-first heap   total 351232K, used 280412K [0x0000000080000000, 0x0000000100000000)
  region size 1024K, 131 young (134144K), 4 survivors (4096K)
 Metaspace       used 116330K, capacity 119082K, committed 119372K, reserved 1153024K
  class space    used 14550K, capacity 15637K, committed 15692K, reserved 1048576K
}
Event: 37.244 GC heap after
{Heap after GC invocations=49 (full 0):
 garbage-first heap   total 351232K, used 151159K [0x0000000080000000, 0x0000000100000000)
  region size 1024K, 5 young (5120K), 5 survivors (5120K)
 Metaspace       used 116330K, capacity 119082K, committed 119372K, reserved 1153024K
  class space    used 14550K, capacity 15637K, committed 15692K, reserved 1048576K
}
Event: 37.578 GC heap before
{Heap before GC invocations=49 (full 0):
 garbage-first heap   total 351232K, used 285303K [0x0000000080000000, 0x0000000100000000)
  region size 1024K, 136 young (139264K), 5 survivors (5120K)
 Metaspace       used 116350K, capacity 119086K, committed 119372K, reserved 1153024K
  class space    used 14551K, capacity 15639K, committed 15692K, reserved 1048576K
}
Event: 37.586 GC heap after
{Heap after GC invocations=50 (full 0):
 garbage-first heap   total 351232K, used 152030K [0x0000000080000000, 0x0000000100000000)
  region size 1024K, 5 young (5120K), 5 survivors (5120K)
 Metaspace       used 116350K, capacity 119086K, committed 119372K, reserved 1153024K
  class space    used 14551K, capacity 15639K, committed 15692K, reserved 1048576K
}
Event: 37.894 GC heap before
{Heap before GC invocations=50 (full 0):
 garbage-first heap   total 351232K, used 292318K [0x0000000080000000, 0x0000000100000000)
  region size 1024K, 142 young (145408K), 5 survivors (5120K)
 Metaspace       used 116364K, capacity 119089K, committed 119372K, reserved 1153024K
  class space    used 14552K, capacity 15640K, committed 15692K, reserved 1048576K
}
Event: 37.904 GC heap after
{Heap after GC invocations=51 (full 0):
 garbage-first heap   total 351232K, used 152357K [0x0000000080000000, 0x0000000100000000)
  region size 1024K, 6 young (6144K), 6 survivors (6144K)
 Metaspace       used 116364K, capacity 119089K, committed 119372K, reserved 1153024K
  class space    used 14552K, capacity 15640K, committed 15692K, reserved 1048576K
}
Event: 38.344 GC heap before
{Heap before GC invocations=51 (full 0):
 garbage-first heap   total 351232K, used 294693K [0x0000000080000000, 0x0000000100000000)
  region size 1024K, 144 young (147456K), 6 survivors (6144K)
 Metaspace       used 116558K, capacity 119351K, committed 119628K, reserved 1153024K
  class space    used 14558K, capacity 15651K, committed 15692K, reserved 1048576K
}
Event: 38.354 GC heap after
{Heap after GC invocations=52 (full 0):
 garbage-first heap   total 351232K, used 152031K [0x0000000080000000, 0x0000000100000000)
  region size 1024K, 5 young (5120K), 5 survivors (5120K)
 Metaspace       used 116558K, capacity 119351K, committed 119628K, reserved 1153024K
  class space    used 14558K, capacity 15651K, committed 15692K, reserved 1048576K
}
Event: 39.009 GC heap before
{Heap before GC invocations=52 (full 0):
 garbage-first heap   total 351232K, used 300511K [0x0000000080000000, 0x0000000100000000)
  region size 1024K, 149 young (152576K), 5 survivors (5120K)
 Metaspace       used 116777K, capacity 119628K, committed 119884K, reserved 1153024K
  class space    used 14562K, capacity 15657K, committed 15692K, reserved 1048576K
}
Event: 39.019 GC heap after
{Heap after GC invocations=53 (full 0):
 garbage-first heap   total 351232K, used 151591K [0x0000000080000000, 0x0000000100000000)
  region size 1024K, 5 young (5120K), 5 survivors (5120K)
 Metaspace       used 116777K, capacity 119628K, committed 119884K, reserved 1153024K
  class space    used 14562K, capacity 15657K, committed 15692K, reserved 1048576K
}
Event: 40.024 GC heap before
{Heap before GC invocations=53 (full 0):
 garbage-first heap   total 351232K, used 299047K [0x0000000080000000, 0x0000000100000000)
  region size 1024K, 149 young (152576K), 5 survivors (5120K)
 Metaspace       used 116787K, capacity 119628K, committed 119884K, reserved 1153024K
  class space    used 14562K, capacity 15657K, committed 15692K, reserved 1048576K
}
Event: 40.038 GC heap after
{Heap after GC invocations=54 (full 0):
 garbage-first heap   total 351232K, used 152363K [0x0000000080000000, 0x0000000100000000)
  region size 1024K, 6 young (6144K), 6 survivors (6144K)
 Metaspace       used 116787K, capacity 119628K, committed 119884K, reserved 1153024K
  class space    used 14562K, capacity 15657K, committed 15692K, reserved 1048576K
}
Event: 40.949 GC heap before
{Heap before GC invocations=54 (full 0):
 garbage-first heap   total 351232K, used 300843K [0x0000000080000000, 0x0000000100000000)
  region size 1024K, 151 young (154624K), 6 survivors (6144K)
 Metaspace       used 116793K, capacity 119630K, committed 119884K, reserved 1153024K
  class space    used 14562K, capacity 15657K, committed 15692K, reserved 1048576K
}
Event: 40.965 GC heap after
{Heap after GC invocations=55 (full 0):
 garbage-first heap   total 421888K, used 153303K [0x0000000080000000, 0x0000000100000000)
  region size 1024K, 7 young (7168K), 7 survivors (7168K)
 Metaspace       used 116793K, capacity 119630K, committed 119884K, reserved 1153024K
  class space    used 14562K, capacity 15657K, committed 15692K, reserved 1048576K
}
Event: 42.557 GC heap before
{Heap before GC invocations=55 (full 0):
 garbage-first heap   total 421888K, used 349911K [0x0000000080000000, 0x0000000100000000)
  region size 1024K, 199 young (203776K), 7 survivors (7168K)
 Metaspace       used 116838K, capacity 119654K, committed 119884K, reserved 1153024K
  class space    used 14567K, capacity 15663K, committed 15692K, reserved 1048576K
}
Event: 42.571 GC heap after
{Heap after GC invocations=56 (full 0):
 garbage-first heap   total 421888K, used 156346K [0x0000000080000000, 0x0000000100000000)
  region size 1024K, 10 young (10240K), 10 survivors (10240K)
 Metaspace       used 116838K, capacity 119654K, committed 119884K, reserved 1153024K
  class space    used 14567K, capacity 15663K, committed 15692K, reserved 1048576K
}
Event: 52.715 GC heap before
{Heap before GC invocations=56 (full 0):
 garbage-first heap   total 421888K, used 365242K [0x0000000080000000, 0x0000000100000000)
  region size 1024K, 213 young (218112K), 10 survivors (10240K)
 Metaspace       used 121336K, capacity 124243K, committed 124492K, reserved 1157120K
  class space    used 15034K, capacity 16145K, committed 16204K, reserved 1048576K
}
Event: 52.732 GC heap after
{Heap after GC invocations=57 (full 0):
 garbage-first heap   total 421888K, used 158334K [0x0000000080000000, 0x0000000100000000)
  region size 1024K, 11 young (11264K), 11 survivors (11264K)
 Metaspace       used 121336K, capacity 124243K, committed 124492K, reserved 1157120K
  class space    used 15034K, capacity 16145K, committed 16204K, reserved 1048576K
}
Event: 130.511 GC heap before
{Heap before GC invocations=57 (full 0):
 garbage-first heap   total 421888K, used 361086K [0x0000000080000000, 0x0000000100000000)
  region size 1024K, 210 young (215040K), 11 survivors (11264K)
 Metaspace       used 125020K, capacity 128113K, committed 128204K, reserved 1161216K
  class space    used 15411K, capacity 16586K, committed 16588K, reserved 1048576K
}
Event: 130.542 GC heap after
{Heap after GC invocations=58 (full 0):
 garbage-first heap   total 421888K, used 167046K [0x0000000080000000, 0x0000000100000000)
  region size 1024K, 20 young (20480K), 20 survivors (20480K)
 Metaspace       used 125020K, capacity 128113K, committed 128204K, reserved 1161216K
  class space    used 15411K, capacity 16586K, committed 16588K, reserved 1048576K
}

