# JRE version: OpenJDK Runtime Environment (11.0.11+9) (build 11.0.11+9-b60-7590822)
# Java VM: OpenJDK 64-Bit Server VM (11.0.11+9-b60-7590822, mixed mode, tiered, compressed oops, g1 gc, windows-amd64)
Heap:
 garbage-first heap   total 420864K, used 178828K [0x0000000080000000, 0x0000000100000000)
  region size 1024K, 2 young (2048K), 2 survivors (2048K)
 Metaspace       used 132073K, capacity 135455K, committed 135668K, reserved 1167360K
  class space    used 16403K, capacity 17694K, committed 17740K, reserved 1048576K
GC Heap History (20 events):
Event: 14205.502 GC heap after
{Heap after GC invocations=51 (full 0):
 garbage-first heap   total 262144K, used 153775K [0x0000000080000000, 0x0000000100000000)
  region size 1024K, 3 young (3072K), 3 survivors (3072K)
 Metaspace       used 130682K, capacity 133961K, committed 134388K, reserved 1165312K
  class space    used 16333K, capacity 17592K, committed 17740K, reserved 1048576K
}
Event: 14206.078 GC heap before
{Heap before GC invocations=52 (full 0):
 garbage-first heap   total 262144K, used 214191K [0x0000000080000000, 0x0000000100000000)
  region size 1024K, 63 young (64512K), 3 survivors (3072K)
 Metaspace       used 131187K, capacity 134449K, committed 134900K, reserved 1167360K
  class space    used 16343K, capacity 17595K, committed 17740K, reserved 1048576K
}
Event: 14206.085 GC heap after
{Heap after GC invocations=53 (full 0):
 garbage-first heap   total 262144K, used 153933K [0x0000000080000000, 0x0000000100000000)
  region size 1024K, 3 young (3072K), 3 survivors (3072K)
 Metaspace       used 131187K, capacity 134449K, committed 134900K, reserved 1167360K
  class space    used 16343K, capacity 17595K, committed 17740K, reserved 1048576K
}
Event: 14206.143 GC heap before
{Heap before GC invocations=53 (full 0):
 garbage-first heap   total 262144K, used 162125K [0x0000000080000000, 0x0000000100000000)
  region size 1024K, 12 young (12288K), 3 survivors (3072K)
 Metaspace       used 131214K, capacity 134519K, committed 134900K, reserved 1167360K
  class space    used 16343K, capacity 17595K, committed 17740K, reserved 1048576K
}
Event: 14206.153 GC heap after
{Heap after GC invocations=54 (full 0):
 garbage-first heap   total 262144K, used 152517K [0x0000000080000000, 0x0000000100000000)
  region size 1024K, 2 young (2048K), 2 survivors (2048K)
 Metaspace       used 131214K, capacity 134519K, committed 134900K, reserved 1167360K
  class space    used 16343K, capacity 17595K, committed 17740K, reserved 1048576K
}
Event: 14206.370 GC heap before
{Heap before GC invocations=54 (full 0):
 garbage-first heap   total 262144K, used 216005K [0x0000000080000000, 0x0000000100000000)
  region size 1024K, 65 young (66560K), 2 survivors (2048K)
 Metaspace       used 131371K, capacity 134677K, committed 135156K, reserved 1167360K
  class space    used 16361K, capacity 17623K, committed 17740K, reserved 1048576K
}
Event: 14206.390 GC heap after
{Heap after GC invocations=55 (full 0):
 garbage-first heap   total 262144K, used 160376K [0x0000000080000000, 0x0000000100000000)
  region size 1024K, 9 young (9216K), 9 survivors (9216K)
 Metaspace       used 131371K, capacity 134677K, committed 135156K, reserved 1167360K
  class space    used 16361K, capacity 17623K, committed 17740K, reserved 1048576K
}
Event: 14206.807 GC heap before
{Heap before GC invocations=56 (full 0):
 garbage-first heap   total 262144K, used 217720K [0x0000000080000000, 0x0000000100000000)
  region size 1024K, 66 young (67584K), 9 survivors (9216K)
 Metaspace       used 131643K, capacity 134991K, committed 135156K, reserved 1167360K
  class space    used 16397K, capacity 17682K, committed 17740K, reserved 1048576K
}
Event: 14206.823 GC heap after
{Heap after GC invocations=57 (full 0):
 garbage-first heap   total 262144K, used 164921K [0x0000000080000000, 0x0000000100000000)
  region size 1024K, 8 young (8192K), 8 survivors (8192K)
 Metaspace       used 131643K, capacity 134991K, committed 135156K, reserved 1167360K
  class space    used 16397K, capacity 17682K, committed 17740K, reserved 1048576K
}
Event: 14206.832 GC heap before
{Heap before GC invocations=57 (full 0):
 garbage-first heap   total 262144K, used 169017K [0x0000000080000000, 0x0000000100000000)
  region size 1024K, 12 young (12288K), 8 survivors (8192K)
 Metaspace       used 131643K, capacity 134991K, committed 135156K, reserved 1167360K
  class space    used 16397K, capacity 17682K, committed 17740K, reserved 1048576K
}
Event: 14206.844 GC heap after
{Heap after GC invocations=58 (full 0):
 garbage-first heap   total 262144K, used 162946K [0x0000000080000000, 0x0000000100000000)
  region size 1024K, 2 young (2048K), 2 survivors (2048K)
 Metaspace       used 131643K, capacity 134991K, committed 135156K, reserved 1167360K
  class space    used 16397K, capacity 17682K, committed 17740K, reserved 1048576K
}
Event: 14207.080 GC heap before
{Heap before GC invocations=58 (full 0):
 garbage-first heap   total 262144K, used 217218K [0x0000000080000000, 0x0000000100000000)
  region size 1024K, 56 young (57344K), 2 survivors (2048K)
 Metaspace       used 131780K, capacity 135124K, committed 135412K, reserved 1167360K
  class space    used 16397K, capacity 17682K, committed 17740K, reserved 1048576K
}
Event: 14207.094 GC heap after
{Heap after GC invocations=59 (full 0):
 garbage-first heap   total 315392K, used 165851K [0x0000000080000000, 0x0000000100000000)
  region size 1024K, 5 young (5120K), 5 survivors (5120K)
 Metaspace       used 131780K, capacity 135124K, committed 135412K, reserved 1167360K
  class space    used 16397K, capacity 17682K, committed 17740K, reserved 1048576K
}
Event: 14207.579 GC heap before
{Heap before GC invocations=60 (full 0):
 garbage-first heap   total 315392K, used 247771K [0x0000000080000000, 0x0000000100000000)
  region size 1024K, 86 young (88064K), 5 survivors (5120K)
 Metaspace       used 131928K, capacity 135289K, committed 135412K, reserved 1167360K
  class space    used 16399K, capacity 17686K, committed 17740K, reserved 1048576K
}
Event: 14207.591 GC heap after
{Heap after GC invocations=61 (full 0):
 garbage-first heap   total 315392K, used 168941K [0x0000000080000000, 0x0000000100000000)
  region size 1024K, 8 young (8192K), 8 survivors (8192K)
 Metaspace       used 131928K, capacity 135289K, committed 135412K, reserved 1167360K
  class space    used 16399K, capacity 17686K, committed 17740K, reserved 1048576K
}
Event: 14207.904 GC heap before
{Heap before GC invocations=61 (full 0):
 garbage-first heap   total 315392K, used 252909K [0x0000000080000000, 0x0000000100000000)
  region size 1024K, 91 young (93184K), 8 survivors (8192K)
 Metaspace       used 132025K, capacity 135365K, committed 135668K, reserved 1167360K
  class space    used 16400K, capacity 17687K, committed 17740K, reserved 1048576K
}
Event: 14207.923 GC heap after
{Heap after GC invocations=62 (full 0):
 garbage-first heap   total 315392K, used 173603K [0x0000000080000000, 0x0000000100000000)
  region size 1024K, 9 young (9216K), 9 survivors (9216K)
 Metaspace       used 132025K, capacity 135365K, committed 135668K, reserved 1167360K
  class space    used 16400K, capacity 17687K, committed 17740K, reserved 1048576K
}
Event: 14208.312 GC heap before
{Heap before GC invocations=63 (full 0):
 garbage-first heap   total 315392K, used 256547K [0x0000000080000000, 0x0000000100000000)
  region size 1024K, 90 young (92160K), 9 survivors (9216K)
 Metaspace       used 132068K, capacity 135391K, committed 135668K, reserved 1167360K
  class space    used 16403K, capacity 17694K, committed 17740K, reserved 1048576K
}
Event: 14208.330 GC heap after
{Heap after GC invocations=64 (full 0):
 garbage-first heap   total 315392K, used 178156K [0x0000000080000000, 0x0000000100000000)
  region size 1024K, 10 young (10240K), 10 survivors (10240K)
 Metaspace       used 132068K, capacity 135391K, committed 135668K, reserved 1167360K
  class space    used 16403K, capacity 17694K, committed 17740K, reserved 1048576K
}
Event: 14208.344 GC heap before
{Heap before GC invocations=64 (full 0):
 garbage-first heap   total 315392K, used 183276K [0x0000000080000000, 0x0000000100000000)
  region size 1024K, 15 young (15360K), 10 survivors (10240K)
 Metaspace       used 132073K, capacity 135455K, committed 135668K, reserved 1167360K
  class space    used 16403K, capacity 17694K, committed 17740K, reserved 1048576K
}

