# JRE version: OpenJDK Runtime Environment (11.0.11+9) (build 11.0.11+9-b60-7590822)
# Java VM: OpenJDK 64-Bit Server VM (11.0.11+9-b60-7590822, mixed mode, tiered, compressed oops, g1 gc, windows-amd64)
Heap:
 garbage-first heap   total 262144K, used 68528K [0x0000000701c00000, 0x0000000800000000)
  region size 1024K, 48 young (49152K), 1 survivors (1024K)
 Metaspace       used 44054K, capacity 44618K, committed 44956K, reserved 1089536K
  class space    used 5213K, capacity 5408K, committed 5452K, reserved 1048576K
GC Heap History (10 events):
Event: 0.520 GC heap before
{Heap before GC invocations=0 (full 0):
 garbage-first heap   total 262144K, used 27648K [0x0000000701c00000, 0x0000000800000000)
  region size 1024K, 24 young (24576K), 0 survivors (0K)
 Metaspace       used 12319K, capacity 12440K, committed 12544K, reserved 1060864K
  class space    used 1160K, capacity 1207K, committed 1280K, reserved 1048576K
}
Event: 0.523 GC heap after
{Heap after GC invocations=1 (full 0):
 garbage-first heap   total 262144K, used 5917K [0x0000000701c00000, 0x0000000800000000)
  region size 1024K, 3 young (3072K), 3 survivors (3072K)
 Metaspace       used 12319K, capacity 12440K, committed 12544K, reserved 1060864K
  class space    used 1160K, capacity 1207K, committed 1280K, reserved 1048576K
}
Event: 1.099 GC heap before
{Heap before GC invocations=1 (full 0):
 garbage-first heap   total 262144K, used 42781K [0x0000000701c00000, 0x0000000800000000)
  region size 1024K, 40 young (40960K), 3 survivors (3072K)
 Metaspace       used 20884K, capacity 21176K, committed 21296K, reserved 1069056K
  class space    used 2270K, capacity 2380K, committed 2432K, reserved 1048576K
}
Event: 1.110 GC heap after
{Heap after GC invocations=2 (full 0):
 garbage-first heap   total 262144K, used 9403K [0x0000000701c00000, 0x0000000800000000)
  region size 1024K, 7 young (7168K), 7 survivors (7168K)
 Metaspace       used 20884K, capacity 21176K, committed 21296K, reserved 1069056K
  class space    used 2270K, capacity 2380K, committed 2432K, reserved 1048576K
}
Event: 2.432 GC heap before
{Heap before GC invocations=3 (full 0):
 garbage-first heap   total 262144K, used 66747K [0x0000000701c00000, 0x0000000800000000)
  region size 1024K, 58 young (59392K), 7 survivors (7168K)
 Metaspace       used 32415K, capacity 32933K, committed 33200K, reserved 1079296K
  class space    used 4041K, capacity 4229K, committed 4352K, reserved 1048576K
}
Event: 2.442 GC heap after
{Heap after GC invocations=4 (full 0):
 garbage-first heap   total 262144K, used 21155K [0x0000000701c00000, 0x0000000800000000)
  region size 1024K, 8 young (8192K), 8 survivors (8192K)
 Metaspace       used 32415K, capacity 32933K, committed 33200K, reserved 1079296K
  class space    used 4041K, capacity 4229K, committed 4352K, reserved 1048576K
}
Event: 2.552 GC heap before
{Heap before GC invocations=4 (full 0):
 garbage-first heap   total 262144K, used 28323K [0x0000000701c00000, 0x0000000800000000)
  region size 1024K, 15 young (15360K), 8 survivors (8192K)
 Metaspace       used 34190K, capacity 34634K, committed 34864K, reserved 1079296K
  class space    used 4268K, capacity 4455K, committed 4480K, reserved 1048576K
}
Event: 2.559 GC heap after
{Heap after GC invocations=5 (full 0):
 garbage-first heap   total 262144K, used 22676K [0x0000000701c00000, 0x0000000800000000)
  region size 1024K, 2 young (2048K), 2 survivors (2048K)
 Metaspace       used 34190K, capacity 34634K, committed 34864K, reserved 1079296K
  class space    used 4268K, capacity 4455K, committed 4480K, reserved 1048576K
}
Event: 2.632 GC heap before
{Heap before GC invocations=5 (full 0):
 garbage-first heap   total 262144K, used 26772K [0x0000000701c00000, 0x0000000800000000)
  region size 1024K, 7 young (7168K), 2 survivors (2048K)
 Metaspace       used 35273K, capacity 35722K, committed 35920K, reserved 1081344K
  class space    used 4382K, capacity 4583K, committed 4608K, reserved 1048576K
}
Event: 2.633 GC heap after
{Heap after GC invocations=6 (full 0):
 garbage-first heap   total 262144K, used 22448K [0x0000000701c00000, 0x0000000800000000)
  region size 1024K, 1 young (1024K), 1 survivors (1024K)
 Metaspace       used 35273K, capacity 35722K, committed 35920K, reserved 1081344K
  class space    used 4382K, capacity 4583K, committed 4608K, reserved 1048576K
}

